*******************************************************************
NOVELETTE SUMMARY FOR: art-of-lying.pdf
Produced on 2024-01-20 at 12:32:58.
*******************************************************************
These are the actual values used. If different from your settings,
it means Novelette used defaults, or needed to over-ride yours:
*******************************************************************
METADATA
  \mode{shade} 
  \title{EXCERPTS from MARK TWAIN} 
  \author{Samuel Clemens} 
  \subtitle{} (no subtitle provided)
  \intent{none} (not in final mode)
  \language[us]{english} 
  Total pages (front, main, blanks): 3
SIZE AND LAYOUT
  \trimsize{w=5.5in,h=8.5in}
  \sheetfeed{trimsize} (default)
  \margins{t=13mm,o=13mm,b=13mm,i=16.2mm} (defaults)
  \layout{scheme=5,gap=1,font=dark,lines=33,em=11.64pt} 
  \guides{5} (only displayed in shade mode)
FONTS (always subset embedded)
  Swainson is the built-in font family.
  It is used in main text, footnotes, page headers/footers,
  and \name and \subname commands.
TYPOGRAPHY
  Maximum permitted font expansion: +/- 2\%.
  Main font size: {11.64pt} (11.6 PostScript) (calculated)
  Estimated average chars/line: 65. Typical 55-75.
  Calculated leading (baselineskip): 15.47pt (15.41 PostScript)
  Calculated ratio leading/em: 1.33. Typically near 1.28.
IMAGES AND ICONS (at 600 pixels/inch = 232.22 pixels/cm)
  Maximum \image width: 2610 pixels.
  Maximum height of \icon, or 1-line \image: 119 pixels.
  Maximum height of 2-line \image: 248 pixels.
  Maximum height of 3-line \image: 376 pixels.
  Each extra line, add maximum 128 pixels.
  Maximum height of full-page \image: 4199 pixels.
  Height of text baseline above bottom of \icon, or \image: 38 pixels.
  Maximum \icon width: 2416 pixels
  Width of \icon is 96 pixels per normal text em.
  If \icon or \image is within scaled text, such as \name,
    then multiply the above values by the local scale.
ALERTS
! Ignored setting \trimsize, in subdoc.

*******************************************************************
Document Class novelette v0.36. Processed by lualatex.
*******************************************************************
